<?xml version="1.0" encoding="UTF-8"?>
<testng-results skipped="0" failed="0" ignored="0" total="3" passed="3">
  <reporter-output>
  </reporter-output>
  <suite name="Default suite" duration-ms="6287" started-at="2021-11-30T16:32:50 IST" finished-at="2021-11-30T16:32:57 IST">
    <groups>
    </groups>
    <test name="Default test" duration-ms="6287" started-at="2021-11-30T16:32:50 IST" finished-at="2021-11-30T16:32:57 IST">
      <class name="APITest.Demo">
        <test-method status="PASS" signature="create_board()[pri:0, instance:APITest.Demo@1d8db5a]" name="create_board" duration-ms="3910" started-at="2021-11-30T16:32:51 IST" finished-at="2021-11-30T16:32:54 IST">
          <reporter-output>
          </reporter-output>
        </test-method> <!-- create_board -->
        <test-method status="PASS" signature="get_board()[pri:1, instance:APITest.Demo@1d8db5a]" name="get_board" duration-ms="1222" started-at="2021-11-30T16:32:54 IST" finished-at="2021-11-30T16:32:56 IST">
          <reporter-output>
          </reporter-output>
        </test-method> <!-- get_board -->
        <test-method status="PASS" signature="delete_board()[pri:2, instance:APITest.Demo@1d8db5a]" name="delete_board" duration-ms="1106" started-at="2021-11-30T16:32:56 IST" finished-at="2021-11-30T16:32:57 IST">
          <reporter-output>
          </reporter-output>
        </test-method> <!-- delete_board -->
      </class> <!-- APITest.Demo -->
    </test> <!-- Default test -->
  </suite> <!-- Default suite -->
</testng-results>
