<?xml version="1.0" encoding="UTF-8"?>
<!-- Generated by org.testng.reporters.JUnitXMLReporter -->
<testsuite hostname="DESKTOP-9DI402V" ignored="0" name="Default test" tests="3" failures="0" timestamp="2021-11-30T16:32:57 IST" time="6.287" errors="0">
  <testcase name="create_board" time="3.91" classname="APITest.Demo"/>
  <testcase name="get_board" time="1.222" classname="APITest.Demo"/>
  <testcase name="delete_board" time="1.106" classname="APITest.Demo"/>
</testsuite> <!-- Default test -->
